<?xml version="1.0" encoding="UTF-8"?>
<testng-results ignored="0" total="5" passed="5" failed="0" skipped="0">
  <reporter-output>
  </reporter-output>
  <suite started-at="2021-08-31T13:42:51 CEST" name="testsuite" finished-at="2021-08-31T13:42:51 CEST" duration-ms="182">
    <groups>
    </groups>
    <test started-at="2021-08-31T13:42:51 CEST" name="test1" finished-at="2021-08-31T13:42:51 CEST" duration-ms="76">
      <class name="newPack.NewClass">
        <test-method is-config="true" signature="befTest()[pri:0, instance:newPack.NewClass@196a42c3]" started-at="2021-08-31T13:42:51 CEST" name="befTest" finished-at="2021-08-31T13:42:51 CEST" duration-ms="0" status="PASS">
          <reporter-output>
          </reporter-output>
        </test-method> <!-- befTest -->
        <test-method is-config="true" signature="befClass()[pri:0, instance:newPack.NewClass@196a42c3]" started-at="2021-08-31T13:42:51 CEST" name="befClass" finished-at="2021-08-31T13:42:51 CEST" duration-ms="1" status="PASS">
          <reporter-output>
          </reporter-output>
        </test-method> <!-- befClass -->
        <test-method is-config="true" signature="befMethod()[pri:0, instance:newPack.NewClass@196a42c3]" started-at="2021-08-31T13:42:51 CEST" name="befMethod" finished-at="2021-08-31T13:42:51 CEST" duration-ms="1" status="PASS">
          <reporter-output>
          </reporter-output>
        </test-method> <!-- befMethod -->
        <test-method signature="test1()[pri:1, instance:newPack.NewClass@196a42c3]" started-at="2021-08-31T13:42:51 CEST" name="test1" finished-at="2021-08-31T13:42:51 CEST" duration-ms="8" status="PASS">
          <reporter-output>
          </reporter-output>
        </test-method> <!-- test1 -->
        <test-method is-config="true" signature="aftMethod()[pri:0, instance:newPack.NewClass@196a42c3]" started-at="2021-08-31T13:42:51 CEST" name="aftMethod" finished-at="2021-08-31T13:42:51 CEST" duration-ms="0" status="PASS">
          <reporter-output>
          </reporter-output>
        </test-method> <!-- aftMethod -->
        <test-method is-config="true" signature="befMethod()[pri:0, instance:newPack.NewClass@196a42c3]" started-at="2021-08-31T13:42:51 CEST" name="befMethod" finished-at="2021-08-31T13:42:51 CEST" duration-ms="1" status="PASS">
          <reporter-output>
          </reporter-output>
        </test-method> <!-- befMethod -->
        <test-method signature="test2()[pri:2, instance:newPack.NewClass@196a42c3]" started-at="2021-08-31T13:42:51 CEST" name="test2" finished-at="2021-08-31T13:42:51 CEST" duration-ms="3" status="PASS">
          <reporter-output>
          </reporter-output>
        </test-method> <!-- test2 -->
        <test-method is-config="true" signature="aftMethod()[pri:0, instance:newPack.NewClass@196a42c3]" started-at="2021-08-31T13:42:51 CEST" name="aftMethod" finished-at="2021-08-31T13:42:51 CEST" duration-ms="0" status="PASS">
          <reporter-output>
          </reporter-output>
        </test-method> <!-- aftMethod -->
        <test-method is-config="true" signature="befMethod()[pri:0, instance:newPack.NewClass@196a42c3]" started-at="2021-08-31T13:42:51 CEST" name="befMethod" finished-at="2021-08-31T13:42:51 CEST" duration-ms="1" status="PASS">
          <reporter-output>
          </reporter-output>
        </test-method> <!-- befMethod -->
        <test-method signature="test3()[pri:3, instance:newPack.NewClass@196a42c3]" started-at="2021-08-31T13:42:51 CEST" name="test3" finished-at="2021-08-31T13:42:51 CEST" duration-ms="3" status="PASS">
          <reporter-output>
          </reporter-output>
        </test-method> <!-- test3 -->
        <test-method is-config="true" signature="aftMethod()[pri:0, instance:newPack.NewClass@196a42c3]" started-at="2021-08-31T13:42:51 CEST" name="aftMethod" finished-at="2021-08-31T13:42:51 CEST" duration-ms="0" status="PASS">
          <reporter-output>
          </reporter-output>
        </test-method> <!-- aftMethod -->
        <test-method is-config="true" signature="aftClass()[pri:0, instance:newPack.NewClass@196a42c3]" started-at="2021-08-31T13:42:51 CEST" name="aftClass" finished-at="2021-08-31T13:42:51 CEST" duration-ms="1" status="PASS">
          <reporter-output>
          </reporter-output>
        </test-method> <!-- aftClass -->
        <test-method is-config="true" signature="aftTest()[pri:0, instance:newPack.NewClass@196a42c3]" started-at="2021-08-31T13:42:51 CEST" name="aftTest" finished-at="2021-08-31T13:42:51 CEST" duration-ms="1" status="PASS">
          <reporter-output>
          </reporter-output>
        </test-method> <!-- aftTest -->
      </class> <!-- newPack.NewClass -->
      <class name="newPack.NewClass2">
        <test-method signature="test4()[pri:0, instance:newPack.NewClass2@4c60d6e9]" started-at="2021-08-31T13:42:51 CEST" name="test4" finished-at="2021-08-31T13:42:51 CEST" duration-ms="3" status="PASS">
          <reporter-output>
          </reporter-output>
        </test-method> <!-- test4 -->
        <test-method is-config="true" signature="befMethod2()[pri:0, instance:newPack.NewClass2@4c60d6e9]" started-at="2021-08-31T13:42:51 CEST" name="befMethod2" finished-at="2021-08-31T13:42:51 CEST" duration-ms="0" status="PASS">
          <reporter-output>
          </reporter-output>
        </test-method> <!-- befMethod2 -->
        <test-method is-config="true" signature="aftMethod2()[pri:0, instance:newPack.NewClass2@4c60d6e9]" started-at="2021-08-31T13:42:51 CEST" name="aftMethod2" finished-at="2021-08-31T13:42:51 CEST" duration-ms="1" status="PASS">
          <reporter-output>
          </reporter-output>
        </test-method> <!-- aftMethod2 -->
      </class> <!-- newPack.NewClass2 -->
    </test> <!-- test1 -->
    <test started-at="2021-08-31T13:42:51 CEST" name="test2" finished-at="2021-08-31T13:42:51 CEST" duration-ms="12">
      <class name="newPack.NewClass">
        <test-method is-config="true" signature="befSuite()[pri:0, instance:newPack.NewClass@196a42c3]" started-at="2021-08-31T13:42:51 CEST" name="befSuite" finished-at="2021-08-31T13:42:51 CEST" duration-ms="13" status="PASS">
          <reporter-output>
          </reporter-output>
        </test-method> <!-- befSuite -->
        <test-method is-config="true" signature="aftSuite()[pri:0, instance:newPack.NewClass@196a42c3]" started-at="2021-08-31T13:42:51 CEST" name="aftSuite" finished-at="2021-08-31T13:42:51 CEST" duration-ms="1" status="PASS">
          <reporter-output>
          </reporter-output>
        </test-method> <!-- aftSuite -->
      </class> <!-- newPack.NewClass -->
      <class name="newPack.NewClass3">
        <test-method is-config="true" signature="befMethod3()[pri:0, instance:newPack.NewClass3@5890e879]" started-at="2021-08-31T13:42:51 CEST" name="befMethod3" finished-at="2021-08-31T13:42:51 CEST" duration-ms="1" status="PASS">
          <reporter-output>
          </reporter-output>
        </test-method> <!-- befMethod3 -->
        <test-method signature="test5()[pri:0, instance:newPack.NewClass3@5890e879]" started-at="2021-08-31T13:42:51 CEST" name="test5" finished-at="2021-08-31T13:42:51 CEST" duration-ms="2" status="PASS">
          <reporter-output>
          </reporter-output>
        </test-method> <!-- test5 -->
        <test-method is-config="true" signature="aftMethod3()[pri:0, instance:newPack.NewClass3@5890e879]" started-at="2021-08-31T13:42:51 CEST" name="aftMethod3" finished-at="2021-08-31T13:42:51 CEST" duration-ms="1" status="PASS">
          <reporter-output>
          </reporter-output>
        </test-method> <!-- aftMethod3 -->
      </class> <!-- newPack.NewClass3 -->
    </test> <!-- test2 -->
  </suite> <!-- testsuite -->
</testng-results>
