<?xml version="1.0" encoding="UTF-8"?>
<!-- Generated by org.testng.reporters.JUnitXMLReporter -->
<testsuite ignored="0" hostname="LAPTOP-EJ1IEQNT" failures="0" tests="4" name="test" time="0.085" errors="0" timestamp="2021-08-31T13:38:43 CEST">
  <testcase classname="newPack.NewClass" name="test1" time="0.009"/>
  <testcase classname="newPack.NewClass" name="test2" time="0.002"/>
  <testcase classname="newPack.NewClass" name="test3" time="0.005"/>
  <testcase classname="newPack.NewClass2" name="test4" time="0.002"/>
</testsuite> <!-- test -->
